primaryTitle	averageRating	numVotes	tconst
The Hollywood Reporter's Official Live Golden Globes After-Show	10	2108	tt9892336
Hande Erçel x Emotion	10	556	tt32649982
DeFacto Kis Festivali	10	562	tt32622991
CUK Oturur Mükemmel Durur - DeFacto - White Jeans	10	581	tt32622979
CUK Oturur Mukemmel Durur - White Jeans (Long Version)	10	565	tt32622960
Tatilde CUK Oturur Mukemmel Durur	10	813	tt32560990
Inci Koleksiyonunu Kesfet!	10	800	tt32560930
Kadifeyi Kesfet	10	795	tt32560826
Prologue	10	623	tt23554516
Ozymandias	10	219531	tt2301451
Ice Hockey: Courtney	10	548	tt1577391
Victory and Death	9.9	18679	tt9313978
407 Proxy Authentication Required	9.9	34740	tt8084176
Dream: To See It to the End	9.9	741	tt6066926
The Magician Doesn't Come Back	9.9	906	tt4847476
The Winds of Winter	9.9	161546	tt4283094
Battle of the Bastards	9.9	226263	tt4283088
Evde	9.9	696	tt3911492
Episode #1.182	9.9	998	tt3692612
Hoy Maharaja	9.9	738	tt32324185
501. Bölüm	9.9	1668	tt32318899
158. Bölüm	9.9	1558	tt32316147
Cumartesi-Pazar Surpriz	9.9	1576	tt32315359
The Sign	9.9	3078	tt31491044
The Hashira Unite	9.9	12765	tt29452438
Somewhere in the Woods	9.9	1754	tt28014043
Felina	9.9	141472	tt2301455
The Rains of Castamere	9.9	119581	tt2178784
Connor's Wedding	9.9	36715	tt21151974
What, Do You Live in a Barn?	9.9	540	tt17498640
Face Off	9.9	75948	tt1683088
Equipe E	9.9	650	tt12774464
Plan and Execution	9.9	57426	tt12187040
Sozin's Comet, Part 4: Avatar Aang	9.9	17208	tt1204265
End of the Prologue	9.9	17615	tt11294360
The View from Halfway Down	9.9	22119	tt11028174
Everyone's Waiting	9.9	12522	tt0701989
Perfect Game	9.8	78274	tt9898836
Shattered	9.8	15403	tt9313968
The Phantom Apprentice	9.8	17055	tt9313966
Vichnaya Pamyat	9.8	63211	tt9166696
One For All	9.8	7988	tt8527962
Free Churro	9.8	18782	tt8266826
Loved Ones Will Always Watch Over You	9.8	5408	tt8142470
Time's Arrow	9.8	13906	tt6542628
A Regular Epic Final Battle	9.8	6628	tt6381882
Twilight of the Apprentice: Part 2	9.8	7439	tt5340582
The Ricklantis Mixup	9.8	36485	tt5218332
Take Back the Falls	9.8	6669	tt5153884
Return 0	9.8	11217	tt4679214
Not What He Seems	9.8	7323	tt4460256
If-Then-Else	9.8	13397	tt4128194
Hardhome	9.8	109215	tt3866850
This Person × and × This Moment	9.8	8104	tt3827236
Charlie Work	9.8	10504	tt3767938
Anger × and × Light	9.8	11284	tt3748420
Zero × and × Rose	9.8	11229	tt3673600
Parents	9.8	1748	tt32600065
Dirty Fellow	9.8	3255	tt32368060
Mizumono	9.8	21735	tt3230908
Hande Ercel'le Buyuk Bulusma Gerceklesti	9.8	2497	tt32085101
Hande Ercel Hakkinda Bilinmeyen 10 Sey	9.8	2515	tt32084946
Hande Erçel - L'Officiel Türkiye x DeFacto	9.8	2423	tt31989139
Nocturne x Hande Ercel'den sira disi bir Yaza Merhaba Partisi	9.8	2430	tt31989084
Hande Erçel ile Soru Cevap Elele	9.8	2597	tt31869162
Hande Erçel ile Soru - Cevap	9.8	2675	tt31869114
Monica, Oh my Daiyan	9.8	578	tt31067461
The Suit	9.8	541	tt30139449
Garanti	9.8	1576	tt29343648
Vanikoy	9.8	791	tt2932646
Feriye Sarayi	9.8	801	tt2932632
Finale	9.8	21960	tt2669746
Kiss of Death	9.8	3349	tt2308789
To'hajiilee	9.8	55874	tt2301449
Dual Confessions, Part 2/The Shuchiin Afterparty	9.8	2879	tt21034246
Remedial Chaos Theory	9.8	13841	tt2060963
Snatch Game	9.8	3405	tt19710854
Goodbye, Michael	9.8	18627	tt1833197
Episode #2.17	9.8	1073	tt17592094
Modern Warfare	9.8	14340	tt1595996
Epitome of the Instinctual Type	9.8	883	tt15094978
The Getaway	9.8	16608	tt1444421
Daichi no hate	9.8	1248	tt1371772
Re;	9.8	10782	tt1310121
Chapter 16: The Rescue	9.8	62655	tt13052880
Sleepytime	9.8	8981	tt12539164
Episode #1.20	9.8	527	tt1231306
Episode #1.19	9.8	533	tt1231305
Episode #1.18	9.8	530	tt1231304
House's Head	9.8	11754	tt1216108
Sozin's Comet, Part 3: Into the Inferno	9.8	10283	tt1204264
Episode #1.8	9.8	765	tt1169502
Saul Gone	9.8	57082	tt11630828
Firar	9.8	746	tt11321818
Iskambilden Ev	9.8	751	tt11321816
Hello, Elliot	9.8	21704	tt10883092
Blink	9.8	24408	tt1000252
Hero	9.7	131015	tt9906260
150146	9.7	5504	tt9583206
Change Your Mind	9.7	4257	tt9326572
Old Friends Not Forgotten	9.7	12849	tt9313962
ronny/lily	9.7	15334	tt8956332
Bad Choice Road	9.7	27024	tt8772220
Bagman	9.7	27598	tt8772218
Rinascimiento of Image Formation -Return of Phoenix-	9.7	1572	tt8660066
Reunited	9.7	2316	tt8580186
Friday Five Sharp	9.7	4489	tt8560994
A Devil of My Word	9.7	14632	tt8253126
A Single Pale Rose	9.7	2435	tt8181496
Come Along With Me	9.7	4533	tt8164820
409 Conflict	9.7	14901	tt8084180
405 Method Not Allowed	9.7	15395	tt8084166
Episode #1.22	9.7	600	tt7701318
Episode #1.21	9.7	598	tt7701316
Teddy Perkins	9.7	9078	tt7629358
Kanashiki Kettou: Luffy tai Sanji (Kouhen)	9.7	24713	tt7453430
Choufli Hal	9.7	2825	tt7151672
Scream	9.7	36914	tt6723710
Warrior	9.7	49168	tt6723680
Episode XCIII	9.7	2230	tt6638246
eps3.4_runtime-err0r.r00	9.7	13682	tt6633696
10. Bolum	9.7	1035	tt6461896
8. Bolum	9.7	1035	tt6461894
9. Bolum	9.7	1039	tt6461892
Super Bowl Sunday	9.7	6447	tt6439870
Jerma985	9.7	610	tt6439480
The Battle of Concepts	9.7	1561	tt6402802
The Halo Around the Moon	9.7	1367	tt6218112
Red Dead Redemption II	9.7	56145	tt6161168
Robbie's Dream Team	9.7	12978	tt6080222
The Absolute Limit Switch	9.7	2066	tt6009064
Upanishad Ganga	9.7	1061	tt5961444
The Choices	9.7	1649	tt5830088
START	9.7	4781	tt5780830
The Spoils of War	9.7	95272	tt5775846
Kothao Keu Nei	9.7	1357	tt5721762
Chicanery	9.7	28332	tt5719536
Nobume	9.7	1915	tt5593252
Karma	9.7	1959	tt5576234
Life Is a Series of Choices	9.7	1462	tt5511776
Farewell, Buddy	9.7	1889	tt5443922
Sworn Enemy	9.7	3411	tt5443910
Pinky Swear	9.7	1361	tt5443880
Five Pinkies	9.7	1599	tt5443876
Those Who Protect Against All Odds	9.7	2094	tt5338938
Ninja Village	9.7	1577	tt5338912
The Bicameral Mind	9.7	31877	tt5229638
The Witcher 3: Wild Hunt - A Night to Remember	9.7	4235	tt5091902
Faith	9.7	10306	tt4938410
Spring Breeze	9.7	2642	tt4792756
The Day the World Went Away	9.7	6747	tt4679206
YHWH	9.7	7281	tt4532988
Bölüm 89	9.7	3225	tt4378428
The Door	9.7	78997	tt4283028
May God Bless and Keep You Always	9.7	690	tt4202244
The Wrath of the Lamb	9.7	15268	tt4089754
Valerie Gets What She Really Wants	9.7	505	tt4034956
School	9.7	561	tt3912736
Episode #1.1	9.7	1330	tt3705620
And Then There Was Ben	9.7	529	tt3686284
And Then There Were None	9.7	509	tt3686280
Deus Ex Machina	9.7	6178	tt3615630
The Devil's Share	9.7	6612	tt3331452
The Crossing	9.7	6709	tt3291628
Hande Erçel'den Burak Deniz'e Övgüler	9.7	2404	tt32160777
Çarkifelek 27. Bölüm	9.7	2238	tt32108368
Beyaz Show 22-12-2017	9.7	4585	tt31869191
Hande Erçel ve Burak Deniz Yeni Dizilerinin Heyecanini Ilk Kez Paylasti	9.7	3133	tt31638972
Hande Erçel ve Burak Deniz Sorularinizi Yanitliyor! | Bambaska Biri	9.7	3182	tt31464974
Hande Erçel ile Bi' Kahve 2 Sohbet/Bölüm 3	9.7	2384	tt31408656
Remember It	9.7	7978	tt31322436
The Stories We Leave Behind	9.7	909	tt30783867
Entering a New Chapter! Luffy and Sabo's Paths!	9.7	19459	tt30673629
The Laws of Gods and Men	9.7	59963	tt3060910
The Mountain and the Viper	9.7	61287	tt3060782
Strawberry Melancholy	9.7	3127	tt29341882
Sahrayicedid	9.7	799	tt2932664
Esma Sultan Yalisi	9.7	797	tt2932634
Grand Finale	9.7	901	tt28640610
The Lion and the Rose	9.7	61596	tt2832378
Cricket	9.7	1475	tt27896202
Two Paths	9.7	5677	tt27589543
Emperor of Rebellion	9.7	6691	tt27589539
Summit	9.7	3537	tt2728492
Episode #1.12	9.7	578	tt26697658
Through the Looking Glass: Part 2	9.7	1478	tt26421545
The Wrong Jedi	9.7	6810	tt2628854
Forks	9.7	16246	tt26230388
Victory	9.7	8423	tt2553414
The Lawless	9.7	7132	tt2542356
OdBita Pot	9.7	840	tt24228604
Exit 9B	9.7	4184	tt2421174
I Remember You	9.7	3708	tt2401584
It's a Wonderful World	9.7	2526	tt23875712
Maiden Heaven: Part 2	9.7	2250	tt23875710
Ghosts Aren't the Only Ones Who Go Crazy in Graveyards	9.7	2511	tt2361652
The Finals IV: Partner	9.7	1107	tt23555482
Dead Freight	9.7	41334	tt2301463
Granite State	9.7	54515	tt2301453
The Lord of the Rings: The Return of the King - Special Extended Edition Scenes	9.7	918	tt21811606
The Last of Us	9.7	76937	tt2140553
Christina Grimmie Zeldaxlove 64	9.7	648	tt21099140
The Last of Us: Part I	9.7	7756	tt20918700
Blackwater	9.7	55564	tt2084342
Straw Hat Luffy! The Man Who Will Become the King of the Pirates!	9.7	57724	tt19811660
Supremme Eleganza Talent Extravaganza	9.7	3055	tt19369844
The Train	9.7	3361	tt19064730
Handler One	9.7	1589	tt18917938
Kejime o Tsukeru: Shirohige vs Kurohige Kaizokudan	9.7	33945	tt1830404
Kaigun Honbu Houkai! Shirohige Kotobanaki Ikari!	9.7	29066	tt1824873
Kotae o Sagashite: Hiken Ace Senjou ni Shisu	9.7	34795	tt1821284
Hi o mo Yaki Tsukusu Chikara: Akainu Hijou no Tsuigeki	9.7	28200	tt1806725
From You, 2000 Years Ago	9.7	73266	tt17594170
Never Give Up	9.7	24491	tt17521746
Memories of the Future	9.7	76880	tt17505964
Two Brothers	9.7	77888	tt17277218
Crawl Space	9.7	41631	tt1683086
Sanctuary	9.7	3671	tt1643648
Death and All His Friends	9.7	4087	tt1643647
Brownsville, TX	9.7	831	tt16435678
7. Bolum	9.7	1278	tt1642101
5. Bolum	9.7	1229	tt1630399
Swan Song	9.7	11714	tt1626753
2. Bolum	9.7	1241	tt1622161
1. Bolum	9.7	1252	tt1622160
The Suitcase	9.7	6519	tt1615666
Full Measure	9.7	37652	tt1615553
Set Your Heart Ablaze	9.7	7464	tt15757632
NS	9.7	6986	tt1559909
All the Bells Say	9.7	16990	tt15423196
Pinnacle of Light	9.7	659	tt15079868
Shut the Door. Have a Seat	9.7	5176	tt1484414
The Endings	9.7	3718	tt14607194
I'm Disappointed in You	9.7	769	tt14582550
Kesareta Nakama-tachi: Mugiwara Ichimi Saigo no Hi	9.7	30687	tt1453919
Awakening	9.7	1663	tt14466420
Elizabeth	9.7	574	tt14231266
Black Oath	9.7	5532	tt13989180
My Finale: Part 2	9.7	5007	tt1385812
Assault	9.7	103429	tt13857684
The War Hammer Titan	9.7	78299	tt13819632
True Colors	9.7	1853	tt13706734
Chapter 9: The Deerfox	9.7	997	tt13642484
Declaration of War	9.7	80255	tt13605714
The We We Are	9.7	16552	tt13424098
Baldur's Gate III	9.7	5425	tt13258344
Nakama no Itami wa Waga Itami: Zoro Kesshi no Tatakai	9.7	35743	tt1322867
The Nightman Cometh	9.7	8273	tt1319916
Remembering Chadwick Boseman	9.7	1906	tt12992696
Stress Relief	9.7	16937	tt1248736
Family Meeting	9.7	4047	tt1243831
Yu Ishigami Closes His Eyes, Part 3/Miyuki Shirogane and Yu Ishigami/Kyoko Otomo Doesn't Realize	9.7	2387	tt12412622
Monsters' Ball	9.7	1881	tt12356696
Episode #1.17	9.7	775	tt1231303
Point and Shoot	9.7	39795	tt12187044
Rock and Hard Place	9.7	33906	tt12187032
Mouse of Silver	9.7	2761	tt12176328
Wilson's Heart	9.7	10720	tt1216109
His Start	9.7	5091	tt12045824
Episode #1.16	9.7	779	tt1198424
Episode #1.7	9.7	681	tt1169501
Episode #1.6	9.7	916	tt1169500
Episode #1.5	9.7	917	tt1169499
Episode #1.4	9.7	1197	tt1169498
Episode #1.9	9.7	1042	tt1164133
Episode #1.7	9.7	1274	tt1164131
Episode #1.6	9.7	1267	tt1164130
This Is Not for Tears	9.7	15856	tt11079892
Enter the Dragon	9.7	3033	tt11046444
Julius Novachrono	9.7	2862	tt10731706
Marmadesam	9.7	869	tt10526388
Hinokami	9.7	18825	tt10433100
Call Me Kevin	9.7	1880	tt10116578
Through the Looking Glass: Part 1	9.7	13479	tt1004798
That Day	9.7	55579	tt10034602
Midnight Sun	9.7	66898	tt10023374
The Mongolia Special-Survival of the Fattest	9.7	4351	tt10008916
The Constant	9.7	15225	tt0994365
With Tired Eyes, Tired Minds, Tired Souls, We Slept	9.7	1852	tt0757574
Two Cathedrals	9.7	3694	tt0745721
The Secret Box/Band Geeks	9.7	5027	tt0707287
Pine Barrens	9.7	16050	tt0705272
Long Term Parking	9.7	11003	tt0705260
My Screwup	9.7	6095	tt0696628
The One Where Everybody Finds Out	9.7	13301	tt0583452
Papa's Got a Brand New Excuse	9.7	3341	tt0583018
The Body	9.7	7694	tt0533496
Once More, with Feeling	9.7	11222	tt0533466
Hush	9.7	8332	tt0533443
Under Siege Pt 2	9.6	619	tt9867224
Where I Really Come From	9.6	15698	tt9691188
A Fist of Divine Speed! Another Gear Four Application Activated!	9.6	12694	tt9632460
The Interview	9.6	7706	tt9216752
Always Hold on to Your trumpcard	9.6	1508	tt8858304
Who's da New King of Hell?	9.6	10804	tt8565640
Episode #1.12	9.6	1772	tt8492824
Please Remain Calm	9.6	52586	tt8482972
The Beginning Part 2	9.6	1972	tt8400858
The Showstopper	9.6	7379	tt8266836
This is the Ultimate Battle of All Universes! Son Goku vs Jiren!!	9.6	3010	tt7419392
The Challengers	9.6	1411	tt7415348
Shoto Todoroki: Origin	9.6	3904	tt6941178
Hell Bent	9.6	641	tt6749854
Episode #1.12	9.6	576	tt6673158
Siblings	9.6	1206	tt6646378
Episode XCIV	9.6	1625	tt6638248
eps3.5_kill-pr0cess.inc	9.6	11933	tt6635194
Episode #1.7	9.6	1370	tt6609456
Episode #1.6	9.6	1380	tt6540396
12. Bolum	9.6	536	tt6461906
The Volleyball Idiots	9.6	1021	tt6402800
Meet the Seer	9.6	3379	tt6381876
Goodbye, Morioh - The Heart of Gold	9.6	2410	tt6358554
Islands Part 6: Min and Marty	9.6	1853	tt6355370
All His Angels	9.6	15436	tt6223224
Revenge of the Queens	9.6	835	tt6098280
Omedetô	9.6	2654	tt5975892
Golden Frog Time	9.6	3212	tt5960350
Kyouki no Sotogawa	9.6	2679	tt5908784
Mr. Greg	9.6	2216	tt5869624
Lie Down in the Light	9.6	643	tt5867114
Pilot	9.6	770	tt5770114
Farewell Shinsengumi	9.6	1420	tt5593254
Lian Yu	9.6	8292	tt5584166
Undelivered Mail	9.6	1298	tt5540878
End of the Beginning	9.6	657	tt5468098
The Crows Caw After the Battle Ends	9.6	1388	tt5443916
Perform a German Suplex on a Woman Who Asks If She or The Job Is More Important	9.6	1055	tt5443746
Amrutham	9.6	888	tt5345958
And Then There Were Five	9.6	1494	tt5338930
Ninja Soul	9.6	1281	tt5338920
Gear Fourth! Kyoui no Bounce Man!	9.6	14080	tt5326246
That's Too Much, Man!	9.6	9645	tt5218488
Fish Out of Water	9.6	12019	tt5218434
The Rickshank Rickdemption	9.6	24644	tt5218228
Bölüm 88	9.6	3602	tt5142940
Yuke Law: Yasashiki Otoko Saigo no Tatakai!	9.6	6844	tt4927314
Rikudô Sen'nin	9.6	2608	tt4836454
Heaven Sent	9.6	13171	tt4701542
A Tale of Two Stans	9.6	4246	tt4575574
No Way Out	9.6	32993	tt4575388
International Assassin	9.6	9846	tt4550868
Jail Break	9.6	2482	tt4519204
The Promise	9.6	3050	tt4217814
Out of Time	9.6	15428	tt4138338
Papa's Goods	9.6	9021	tt3885886
Venom of the Red Lotus	9.6	4376	tt3865220
XVIII.	9.6	3814	tt3708414
Skips' Story	9.6	3693	tt3686592
Succession	9.6	561	tt3329884
No Sanctuary	9.6	31251	tt3297776
Eskihisar	9.6	563	tt3239398
Hitting the Fan	9.6	1902	tt3234826
Powers on a Different Level! Luffy vs. Lucci!	9.6	18600	tt31989046
Interview with Grace Rady on LBC	9.6	1699	tt31639308
FICCI Frames	9.6	3150	tt31638933
Bi' Kahve 2 Sohbet	9.6	2904	tt31369068
Episode #1.2	9.6	1418	tt31307854
Episode #1.1	9.6	1412	tt31216294
The Quarterback	9.6	3622	tt3068760
The Children	9.6	52678	tt3060860
The Watchers on the Wall	9.6	54057	tt3060858
Sapne Vs Zamana	9.6	7040	tt30273851
Sapne Vs Kismat	9.6	5569	tt30273849
Sapne Vs Imaandaari	9.6	5682	tt30273847
Sapne Vs Darr	9.6	4698	tt30273845
The Witcher 3: Wild Hunt	9.6	33739	tt2993508
Metamorphosis	9.6	9036	tt29626913
Right and Wrong - Part 3	9.6	7151	tt29626909
Fluctuations - Part 2	9.6	9013	tt29609729
Red Scale	9.6	8770	tt29506350
Too Far Gone	9.6	30268	tt2948638
Kirmizi Yali	9.6	801	tt2938512
Yildiz Sarayi	9.6	1033	tt2932654
Kanli Cinar	9.6	1031	tt2932628
Canfeda	9.6	1042	tt2932626
Kiz Kulesi	9.6	1038	tt2932618
Jerry	9.6	1177	tt29044700
Konchem Hatke	9.6	1086	tt28520479
Shibuya Incident - Gate, Open	9.6	11817	tt28515477
Hidden Inventory: Part 4	9.6	10061	tt28372238
Hidden Inventory: Part 3	9.6	10042	tt28362335
The Musidrag	9.6	1230	tt28188360
Sevda Tepesi	9.6	1044	tt2792292
Who Goes There	9.6	35570	tt2790174
The Three-Sword Style of the Supreme King! Zoro vs. King	9.6	72722	tt27715317
Pain	9.6	4312	tt27488513
Mihrimah Sultan Camii	9.6	1045	tt2735344
Kagithane	9.6	1041	tt2735336
Endgame	9.6	3301	tt2728496
Sustenance	9.6	826	tt26658653
Kanli Kuyu	9.6	1232	tt2647384
Cellat Cesmesi	9.6	1262	tt2644988
Oath	9.6	6018	tt26420417
Fishes	9.6	19911	tt26230386
Simon & Marcy	9.6	3159	tt2620082
Clean, Part 2	9.6	869	tt24513484
The Vanishing of Sidney Gomez	9.6	754	tt24216568
Condition × and × Condition	9.6	4042	tt2414266
Kokuhaku	9.6	2512	tt2402498
Coke Studio Pakistan	9.6	1298	tt2400629
Firewall	9.6	6118	tt2380789
The Plight Before Christmas	9.6	2467	tt23708680
'Tis an Honor!	9.6	1271	tt2361650
Raja Shivchhatrapati	9.6	679	tt2354568
Divine Tree 3 ~Dimple Is~	9.6	1896	tt23018612
Gliding Over All	9.6	36744	tt2301469
Say My Name	9.6	37981	tt2301467
Confessions	9.6	37877	tt2301445
Eggscellent	9.6	3880	tt2246005
Force without wisdom falls of its own weight	9.6	1357	tt21935338
The Lord of the Rings: The Fellowship of the Ring - Special Extended Edition Scenes	9.6	1208	tt21811588
Being Meltdown	9.6	2578	tt2157961
De'ah Da'iah	9.6	1048	tt2110659
Auld Acquaintance	9.6	3528	tt2087629
Last Night Gus	9.6	2474	tt2025155
Parivaar	9.6	4361	tt20125040
The Hardest Thing	9.6	961	tt19846550
All In	9.6	845	tt19769722
The Reichenbach Fall	9.6	40868	tt1942614
Izzat Ki Chamkaar	9.6	811	tt19396896
The Dawn of Humanity	9.6	37177	tt18953204
Shin	9.6	1613	tt18559878
Baelor	9.6	51796	tt1851398
Episode #1.13	9.6	4269	tt18311178
Ibrahim Selim Ile Bu Gece #63	9.6	5343	tt18306264
Episode #1.1	9.6	2884	tt17548052
Defeating an Upper Rank Demon	9.6	10380	tt17337688
Salud	9.6	35369	tt1683085
Tobira no mukougawa	9.6	4604	tt1675927
The Magnificent Steiner's Rage	9.6	1841	tt1643897
The Landscape of the End	9.6	2202	tt1643896
Detroit, MI	9.6	853	tt16435756
Barberton, OH	9.6	827	tt16435714
Chicago, IL	9.6	861	tt16435652
Little Dominican Republic, NY	9.6	869	tt16435572
Houston, TX	9.6	927	tt16435546
A Fistful of Paintballs	9.6	8570	tt1640867
Turning Point 2	9.6	2532	tt16390300
Always	9.6	1259	tt1631966
6. Bolum	9.6	1279	tt1630400
The French Mistake	9.6	11324	tt1627712
4. Bolum	9.6	1220	tt1622163
3. Bolum	9.6	1219	tt1622162
One Minute	9.6	34092	tt1615944
The Monster You Created	9.6	19012	tt15496440
The Base Violence Necessary for Change	9.6	20975	tt15496376
The Son	9.6	1064	tt1526671
Kill Them All	9.6	6793	tt1521502
Changing Channels	9.6	11033	tt1511910
Zheng Speaks	9.6	583	tt15094982
The Strongest Man	9.6	528	tt14926970
Where To?	9.6	711	tt14901606
Mass Effect: Legendary Edition	9.6	3024	tt14849728
Goodbye	9.6	529	tt14793462
Knock, Knock, Knockin' on Hooty's Door	9.6	2012	tt14709674
Borderline Forever	9.6	1269	tt14707514
A Sense Of The Ending.	9.6	4887	tt14691124
King's Tide	9.6	1497	tt14671594
Hollow Mind	9.6	1280	tt14671574
What's Your Name?	9.6	564	tt14669730
Broken	9.6	9901	tt1462220
Those Who Follow	9.6	1678	tt14466394
Episode #5.10	9.6	5879	tt14250476
Birth of a Demon Lord	9.6	1465	tt14161242
Herogasm	9.6	36537	tt14143312
Nonstandard	9.6	11006	tt14134754
Savagery	9.6	40248	tt14132418
Both Sides Now	9.6	6033	tt1413129
Tekken Sakuretsu! Auction o Buttsubuse	9.6	9330	tt1411541
Barstool Yak	9.6	558	tt14113640
Faraway Future	9.6	3429	tt14017100
Captain Yami Sukehiro	9.6	4721	tt13976780
Love Me Down to My Blood and Guts	9.6	3113	tt13796606
Kiraana	9.6	1191	tt13760178
The Why Files	9.6	758	tt13733810
Baby Race	9.6	1941	tt13429908
God of War Ragnarök	9.6	17813	tt13119450
The Last One	9.6	2290	tt13057370
Episode #1.1	9.6	1094	tt12920780
Camping	9.6	1231	tt12587960
Das Paradies	9.6	24972	tt12557704
The Taste of Death	9.6	1761	tt12496222
Community Table Read	9.6	1512	tt12434942
Heart Part 2	9.6	1889	tt12339618
The Pride of the General	9.6	541	tt12154376
Episode #1.15	9.6	731	tt1186854
Episode #1.12	9.6	1040	tt1186851
Episode #1.11	9.6	1043	tt1186850
Episode #1.10	9.6	1050	tt1186849
Episode #1.3	9.6	1186	tt1169497
Episode #1.8	9.6	1034	tt1164132
Episode #1.5	9.6	1280	tt1164129
Episode #1.3	9.6	1209	tt1164127
Episode #1.2	9.6	1217	tt1164126
Episode #1.1	9.6	1251	tt1164125
Threat Level Midnight: The Movie	9.6	11160	tt11620828
The Final Attack	9.6	2232	tt11566794
Infinite 100%	9.6	4744	tt11488600
With Interest	9.6	743	tt11348626
Madamin Konagi	9.6	690	tt11321806
Together Again	9.6	2605	tt11198708
Chapter Seven: The Massacre at Hawkins Lab	9.6	41710	tt11172022
SLAPP Suits	9.6	745	tt11110668
Nice While It Lasted	9.6	8303	tt11028176
We Won't Lose to You	9.6	2134	tt10944666
A True Warrior	9.6	6835	tt10529418
The Siege of the North, Part 2	9.6	6168	tt10512638
The Good Place: Live Panel Discussion	9.6	1671	tt10453272
Beneath a Sky on the Verge of Falling	9.6	2393	tt10207534
Attack Titan	9.6	34083	tt10064964
The Blue Comet	9.6	9722	tt0995838
-30-	9.6	6901	tt0977179
Some You Give Away	9.6	909	tt0903486
Born Free	9.6	12788	tt0877058
The Crossroads of Destiny	9.6	7309	tt0822878
My Lunch	9.6	3847	tt0796524
Middle Ground	9.6	7199	tt0749434
Turkeys Away	9.6	1094	tt0742671
Scott Tenorman Must Die	9.6	10700	tt0705958
All Alone	9.6	3559	tt0701975
Time on Our Hands	9.6	1154	tt0666587
The Jolly Boys' Outing	9.6	1487	tt0666576
The Last Newhart	9.6	590	tt0660024
Three Stories	9.6	9112	tt0606046
The Subway	9.6	528	tt0604435
The Last One	9.6	16707	tt0583433
On the Beach	9.6	1792	tt0568062
All in the Family	9.6	1653	tt0567922
Severed Dreams	9.6	1274	tt0517686
I Feel a Cult Coming On	9.6	706	tt0513757
Liverpool FC: Champions of Europe 2005	9.6	636	tt0469787
The Legend of Zelda: Ocarina of Time	9.6	10762	tt0184666
Metal Gear Solid	9.6	12950	tt0180825
The Mystery of King Crimson	9.5	2068	tt9828236
Descent	9.5	29103	tt9806162
Thunder Spears	9.5	28079	tt9790722
Cornered ~True Identity~	9.5	2065	tt9766682
We Need to Talk	9.5	13298	tt9691186
Finally Concluded - An Outcome of the Fierce Battle with Katakuri	9.5	6321	tt9632528
Silent All These Years	9.5	2976	tt9611736
The Catcher in the Rye	9.5	664	tt9469522
140146	9.5	2809	tt9454502
As I Have Always Been	9.5	3862	tt9307262
Episode #3.10	9.5	4559	tt9244920
Open Wide, O Earth	9.5	49214	tt9166672
Pancakes	9.5	550	tt9059796
The Town Where Everything Began	9.5	29137	tt9038682
Beyond Limits	9.5	1398	tt9032188
whoami	9.5	11812	tt8919318
The Creatures Known as Humanity	9.5	880	tt8885928
Part Four	9.5	7080	tt8805244
Wish	9.5	25734	tt8733180
Arclight of the Point at Infinity -Arc-light of the Sky-	9.5	1051	tt8660070
Chi to ko	9.5	5639	tt8630262
Dual of Antinomy -Antinomic Dual-	9.5	1185	tt8463674
Episode X	9.5	3475	tt8434604
Returning the Sake Cup! The Manly Jimbei Pays His Debt!	9.5	3594	tt8285674
I stin Alpha i sti Vita oloi pan gia ti marmita	9.5	1157	tt8203520
The Box	9.5	8532	tt8089526
Geografens testamente	9.5	589	tt8088236
The Bent-Neck Lady	9.5	14852	tt7958030
An Unprecedented Super Showdown! The Ultimate Survival Battle!!	9.5	1989	tt7849548
Viva La Dirt League	9.5	681	tt7747698
Shikemoku: Sanji no Kekkon Zen'ya	9.5	4141	tt7704314
Episode #1.24	9.5	606	tt7701324
Episode #1.23	9.5	605	tt7701320
Episode #1.20	9.5	602	tt7701314
A Miraculous Conclusion! Farewell, Goku! Until We Meet Again!	9.5	2253	tt7617088
Bu Sehre Veda - Finale	9.5	3538	tt7538112
Ali Derin Dügün	9.5	3528	tt7538106
Arkandayiz	9.5	3518	tt7538104
Evimsin	9.5	3547	tt7538098
Tek Yumruk	9.5	3525	tt7538096
Yalniz Degilsin	9.5	3566	tt7538092
Yanimda Ol	9.5	3524	tt7538090
Bebegim	9.5	3533	tt7538086
Yeniden Baslasak	9.5	3539	tt7538080
Sucun Yok	9.5	3531	tt7538078
Arkadasimin Aski	9.5	3538	tt7538074
Zafere gideny ol	9.5	3549	tt7538072
Ah Oglum	9.5	3550	tt7538064
Oglum Için	9.5	3576	tt7538062
Live. Live. Live.	9.5	2896	tt7528760
Volta sthn Aridaia	9.5	521	tt7327448
Finding Frances	9.5	3369	tt7277634
Episode #1.19	9.5	602	tt7271390
Damocles: Part Two	9.5	6263	tt7228366
Winner	9.5	19040	tt7074030
ScoobyNatural	9.5	8901	tt6746190
A New Napkin	9.5	10901	tt6741948
The Devil You Know	9.5	9282	tt6741934
Blindsided	9.5	11805	tt6741930
Charge	9.5	24195	tt6723708
Close Combat	9.5	25141	tt6723686
The Stockholm Syndrome	9.5	10711	tt6674736
Episode #1.17	9.5	617	tt6673182
Episode #1.14	9.5	616	tt6673168
Episode #1.10	9.5	872	tt6637624
Episode #1.8	9.5	1352	tt6637592
shutdown -r	9.5	9920	tt6633682
Paths	9.5	893	tt6559376
Episode #1.5	9.5	1376	tt6540380
11. Bolum	9.5	543	tt6461898
Cheer Up Pops	9.5	3388	tt6381880
Islands Part 8: The Light Cloud	9.5	1802	tt6355376
Amarsi Un Pò	9.5	3022	tt6305630
Another One Bites the Dust, Part 2	9.5	2037	tt6293842
Episode #1.4	9.5	1335	tt6293066
Episode #1.2	9.5	1412	tt6255742
The Perfect Pear	9.5	874	tt6240452
No Train No Gain	9.5	3313	tt6174620
Memphis	9.5	5225	tt6142668
Wakai no shirushi	9.5	2829	tt6089392
The Trial	9.5	1759	tt5969452
Character and Fitness	9.5	5074	tt5937924
God of War	9.5	38080	tt5838588
Rigby's Graduation Day Special	9.5	3468	tt5812092
Burrito Bowl	9.5	548	tt5711604
Home	9.5	11199	tt5690552
Episode #1.10	9.5	611	tt5600474
The Day the Demon Cried	9.5	1016	tt5508826
The More Precious the Burden, the Heavier and More Difficult It Is to Shoulder It	9.5	906	tt5506666
Planet Earth II	9.5	159636	tt5491994
The Hall of Egress	9.5	2042	tt5490178
Graduation Time	9.5	962	tt5429798
Shoguns of Light and Shadow	9.5	1089	tt5338910
The Book of Nora	9.5	8482	tt5338044
The Answer	9.5	1825	tt5307414
Seeing Red	9.5	639	tt5281408
Plan Bea	9.5	536	tt5281402
The Strongest Hero	9.5	6829	tt5271822
Tick Tock	9.5	4345	tt5181372
Weirdmageddon	9.5	3830	tt5107700
What Did We Do?	9.5	3669	tt5075866
Breach	9.5	2681	tt5072092
Bloodborne: The Old Hunters	9.5	2233	tt5032376
Total Rickall	9.5	21024	tt4832262
Long Journey, Farewell My Friends	9.5	2393	tt4789474
Dio's World, Part 3	9.5	2470	tt4771558
Dio's World, Part 2	9.5	2337	tt4744462
Part 16	9.5	5956	tt4706148
.exe	9.5	4119	tt4679212
Brilliant Century Duck Crisis Special	9.5	3367	tt4659842
Blood and Fire	9.5	586	tt4617118
Government Surveillance	9.5	730	tt4582310
Rose's Scabbard	9.5	2047	tt4560266
Asylum	9.5	4488	tt4540234
I Live Here Now	9.5	8808	tt4510954
20. Bölüm	9.5	3455	tt4494640
The Gang Goes to a Water Park	9.5	5651	tt4463994
Requiem	9.5	3966	tt4448236
13. Bölüm	9.5	3510	tt4408266
Connection Lost	9.5	8551	tt4389744
XXVIII.	9.5	3438	tt4384708
Episode #3.6	9.5	12789	tt4370552
The Real Thomas	9.5	3384	tt4206538
On a Moonless Night, Insects Are Drawn to the Light	9.5	934	tt4171542
Fast Enough	9.5	13260	tt4146568
OVA: No Regrets - Part 2	9.5	10679	tt4041680
There's Something Else Going On	9.5	6554	tt4023224
The Climb	9.5	12423	tt4006548
Dragonfly in Amber	9.5	5557	tt3972954
Fear Her	9.5	628	tt3905002
Dumb Starbucks	9.5	1398	tt3844774
Tribal	9.5	3763	tt3842948
A Fixer of Sorts	9.5	4723	tt3842946
Leslie and Ron	9.5	4516	tt3784778
One Last Ride	9.5	5357	tt3748226
Waterloo	9.5	3748	tt3740788
Tsunagareru mono	9.5	1743	tt3719468
Episode #2.6	9.5	14634	tt3683576
Ore wa jigoku ni iru	9.5	2512	tt3413220
How Your Mother Met Me	9.5	10981	tt3390684
From a Cradle to a Grave	9.5	3099	tt3329334
Chapter 26	9.5	7165	tt3326208
Imao o zutto aishiteru	9.5	3268	tt3288964
Mr Shudai	9.5	523	tt32415485
Limon Agaci	9.5	755	tt32407876
A Mother's Work	9.5	5069	tt3240510
Agora Meyhanesi	9.5	795	tt3239396
...Ama Herkes Ölmez	9.5	596	tt3221452
The Strongest Form of Humanity! The Seraphim's Powers	9.5	5714	tt32113273
Crushing Blow: The 57th Exterior Scouting Mission, Part 5	9.5	26122	tt3148020
Goodbye	9.5	677	tt31309233
The Winner Takes All! Law vs. Blackbeard!	9.5	8401	tt31158074
Nike: Training Club	9.5	2344	tt30893221
Sapne Vs Zimmedari	9.5	4976	tt30273837
Mahô no takami	9.5	1527	tt30220962
Thunderclap - Part 2	9.5	14393	tt29621867
Thunderclap	9.5	16212	tt29621863
The Tale of the Ronin and the Bride	9.5	5096	tt29550532
Lipton Ice Tea	9.5	2392	tt29466076
Uddeshya	9.5	579	tt29363506
H&M: Selected by Kerem Bürsin	9.5	3263	tt29343537
Where There's a Will, There's a Slay	9.5	561	tt28754521
The Werking Dead	9.5	560	tt28754519
And That's the End of It. There's Nothing Else	9.5	530	tt28621636
Black	9.5	4225	tt28478483
Nimmellara Aashirvada	9.5	613	tt28435593
God Mode	9.5	4571	tt2832792
Believe	9.5	5106	tt28244508
All In	9.5	5867	tt28244505
Chapter 14	9.5	9461	tt2811510
Tophane	9.5	1035	tt2792294
Form and Void	9.5	31407	tt2790254
The Secret Fate of All Life	9.5	27108	tt2790196
Troll 3	9.5	1093	tt27653896
The Strike of an Ifrit! Sanji vs. Queen	9.5	24401	tt27647886
Looking for Love	9.5	983	tt27304947
This Must Be the Place	9.5	625	tt27120094
Nika	9.5	1037	tt2708392
Mother and Children	9.5	2984	tt27033613
Four Minutes	9.5	3788	tt26897484
Cihangir Camii	9.5	1229	tt2667956
Rumelihan	9.5	1285	tt2644984
Demirbahce	9.5	1312	tt2644982
Episode #1.9	9.5	541	tt26439617
Way Home	9.5	4651	tt26432195
Episode #1.8	9.5	767	tt26008484
Episode #1.5	9.5	677	tt24658226
Desi Vibes with Shehnaaz Gill	9.5	706	tt24484654
Yondaime Hokage	9.5	2341	tt2404464
Chibaku Tensei	9.5	2679	tt2404462
Confession ~The Future~	9.5	1534	tt23994498
Maiden Heaven: Part 1	9.5	1502	tt23875708
Heavy Forecast: Part 2	9.5	1256	tt23875694
Ichigo Dies! Orihime, the Cry of Sorrow!	9.5	2479	tt2378650
Sahebs Who Never Left - Part 1: The Origins	9.5	4142	tt23644208
You Know Those Year-end Parties Where You Keep Drinking Until You've Forgotten Everything That Happened the Past Year? There Are a Few Things You're Not Supposed to Forget	9.5	837	tt2361722
The Fire	9.5	12362	tt23471800
Alpha Bravo Charlie	9.5	1863	tt2298792
Bullet	9.5	560	tt22756110
Beginnings, Part 2	9.5	4554	tt2268126
Two Impostors	9.5	3174	tt2261334
Yondaime no shitô!!	9.5	3034	tt2232733
Arigatô	9.5	3298	tt2232731
Shûen	9.5	2485	tt2206695
The Conclusion! Luffy's Accelerating Fist of the Supreme King	9.5	5464	tt22050490
Depths	9.5	3172	tt2186266
The Lord of the Rings: The Two Towers - Special Extended Edition Scenes	9.5	881	tt21811594
And Now His Watch Is Ended	9.5	42964	tt2178798
Achievement Point	9.5	2606	tt2157959
Surpass the Emperor of the Sea! Luffy Strikes Back with an Iron Fist!	9.5	6388	tt21480058
The Supernovas Strike Back! The Mission to Tear Apart the Emperors!	9.5	4726	tt21357656
With Open Eyes	9.5	21524	tt21152040
Grand Theft Auto V	9.5	72731	tt2103188
Ek Rupaya	9.5	591	tt21028854
Lions and Lambs	9.5	3132	tt2092593
The Kennedy Davenport Center Honors Hall of Shade	9.5	944	tt20852130
Onesies	9.5	795	tt20262336
Barrage of Powerful Techniques! The Fierce Attacks of the Worst Generation!	9.5	17345	tt20236974
The Tale of Jiraiya the Gallant	9.5	6202	tt1989158
Meet the Queens of All Stars 7!	9.5	604	tt19710850
A Soul Becomes a Star	9.5	552	tt19356736
Strawberries and Cream: Part 2	9.5	3454	tt1909673
Miguel	9.5	2818	tt19064724
Retrospective	9.5	28791	tt18856536
For a Few Paintballs More	9.5	7081	tt1862636
Shanks Kenzan! Choujou Sensou Tsui ni Shuuketsu	9.5	4774	tt1858363
Hisshi no Sakebi: Unmei o Kaeru Yuuki Aru Suubyou	9.5	4817	tt1848733
Glorious Purpose	9.5	25386	tt18271352
starting now	9.5	6436	tt18257408
Advanced Dungeons & Dragons	9.5	7735	tt1824317
Review	9.5	12959	tt18233708
Ace Kyuushutsu! Shirohige Saigo no Senchou Meirei!	9.5	4967	tt1805117
Shokei Shikkou Shirei Kudaru: Houiheki o Toppa Seyo!	9.5	4195	tt1799490
Sorezore no Eranda Michi: Luffy vs Garp!	9.5	4387	tt1799489
Episode #1.9	9.5	4583	tt17941224
Arkadas Canlisi	9.5	2051	tt17543878
Layered Memories	9.5	11629	tt16972222
End Times	9.5	31801	tt1683087
Seizetsunaru hangeki	9.5	3215	tt1673082
Half Measures	9.5	33233	tt1615552
Execution	9.5	1846	tt1614188
Raid! Inheriting Oden's Will	9.5	6472	tt15566072
Rain	9.5	899	tt15551024
Mass Effect 2	9.5	21624	tt1540125
BnfTV	9.5	594	tt15382090
Tenko Shimura: Origin	9.5	2720	tt15360920
Visualization	9.5	554	tt15355334
Stand Still Like the Hummingbird	9.5	12732	tt15319556
Help Me	9.5	5517	tt1503406
Kaido's Trump Card - Introducing the Tobi Roppo	9.5	14050	tt14984112
Shinazaru mono no shi	9.5	4414	tt1484138
Yabai yarô	9.5	5316	tt14793314
Strongest	9.5	567	tt14755320
Watching and Dreaming	9.5	1658	tt14697846
And so, begin again	9.5	4926	tt14691148
Eternal Sunshine of the Helpless Mind.	9.5	4800	tt14691138
You Don't Deserve My Blood	9.5	2552	tt14607188
Oden Wouldn't Be Oden If It Wasn't Boiled!	9.5	10507	tt14571480
Plan B	9.5	6894	tt14471770
Hello, Dexter Morgan	9.5	7786	tt1444420
Taishou Kizuru no Moukou Mugiwara Ichimi Zettaizetsumei!	9.5	4419	tt1438164
Now or Never	9.5	3085	tt1435079
The Pirate King is Born: Arriving at the Last Island!	9.5	24961	tt14180486
Episode #1.47	9.5	3412	tt14151312
Episode #1.38	9.5	3423	tt14151232
Episode #1.36	9.5	3411	tt14151210
Episode #1.32	9.5	3426	tt14151176
Episode #1.30	9.5	3425	tt14151148
Episode #1.29	9.5	3431	tt14151132
Episode #1.23	9.5	3430	tt14151058
Episode #1.16	9.5	3435	tt14150936
Episode #1.13	9.5	3438	tt14150888
Episode #1.11	9.5	3458	tt14150852
Episode #1.10	9.5	3467	tt14143098
Sole Salvation	9.5	35299	tt14134628
Children of the Forest	9.5	37244	tt14093766
Chuck Versus the Ring	9.5	2407	tt1408495
Blades Crossed! Roger and Whitebeard!	9.5	9494	tt14045250
The Great War Breaks Out	9.5	2627	tt13891988
Big News! The Warlords Attack Incident	9.5	10620	tt13701034
Dave	9.5	1416	tt13694982
Chapter 8: The Fifty Year Night	9.5	606	tt13642466
All Sales Final	9.5	2498	tt13633896
Only a Heated Touch Truly Conveys the Sentiment	9.5	602	tt13059246
Killian	9.5	3736	tt1302187
Eien no koku	9.5	1846	tt1259407
The Value of Life	9.5	1640	tt12496216
Why We Fight	9.5	11237	tt1247470
Pitons	9.5	1127	tt12356686
Save the Cat	9.5	1613	tt12326192
Agony of a Witch	9.5	1611	tt12200822
Sozin's Comet, Part 2: The Old Masters	9.5	6803	tt1204263
Episode #1.14	9.5	982	tt1186853
Episode #1.13	9.5	1034	tt1186852
Episode #1.9	9.5	528	tt1169503
Episode #1.11	9.5	524	tt1169490
Episode #1.10	9.5	532	tt1169489
Episode #1.1	9.5	1197	tt1169488
Zoey's Extraordinary Dad	9.5	1389	tt11690894
Episode #1.4	9.5	1202	tt1164128
A Reunion Across Time and Space	9.5	1148	tt11566784
Mastermind	9.5	1334	tt11474208
Lemillion	9.5	3549	tt11470614
Hakai-teki! Ichigeki Hissatsu no Raimei Hakke!	9.5	5687	tt11411940
Finally Clashing! The Ferocious Luffy vs. Kaido!	9.5	6307	tt11411938
Lone Wolf	9.5	4469	tt11294356
United Front	9.5	4240	tt11294350
Unus Annus	9.5	1416	tt11289784
Londra Merkez	9.5	2062	tt11207734
The Better Feelings of My Heart	9.5	2817	tt11194730
The Avatar and the Fire Lord	9.5	6765	tt1117701
Socks Are Important	9.5	1258	tt11098024
Jail	9.5	1589	tt11089658
Whenever You're Ready	9.5	6531	tt10703532
Minecraft Epic	9.5	4030	tt10680606
The Vat of Acid Episode	9.5	16685	tt10655692
Stay	9.5	3757	tt10623542
Arigatou Merry! Yuki ni Kemuru Wakare no Umi	9.5	13484	tt1055053
Ghosts	9.5	976	tt10544282
Kobushi ni Kometa Omoi! Luffy Konshin no Gatling	9.5	14639	tt1054352
The Legend of Zelda: Tears of the Kingdom	9.5	2866	tt10471854
Persona 5 Royal	9.5	2378	tt10468596
Ein unendlicher Kreis	9.5	16002	tt10454734
Ikitai to Ie! Oretachi wa Nakama Da!!	9.5	13055	tt1044632
Let's Go Home	9.5	580	tt10433086
The Cabin	9.5	2332	tt10322330
Luffy VS Usopp! Butsukaru Otoko no Iji	9.5	4940	tt1023407
Special Little Brother vs. Failed Big Brother	9.5	1534	tt10199068
The Other Side of the Wall	9.5	29578	tt10064968
Silence	9.5	9111	tt0990611
Namae no nai kaibutsu	9.5	1683	tt0958934
Breaking Bad	9.5	2166167	tt0903747
Bang	9.5	2021	tt0885707
Make Love, Not Warcraft	9.5	9107	tt0850173
Nasty Patty/Idiot Box	9.5	1763	tt0832780
The Godfather Saga	9.5	6460	tt0809488
Final Grades	9.5	6168	tt0796550
Go	9.5	8054	tt0769383
Goodbye	9.5	727	tt0750313
Chocolate with Nuts/Mermaidman and Barnacleboy V	9.5	2337	tt0707301
Wet Painters/Krusty Krab Training Video	9.5	2026	tt0707298
Ecotone	9.5	2928	tt0701987
The Soup Nazi	9.5	7408	tt0697782
The Opposite	9.5	7108	tt0697744
The Contest	9.5	9292	tt0697679
The Real Folk Blues: Part 2	9.5	4508	tt0618980
Lucy Does a TV Commercial	9.5	1051	tt0609249
L.A. at Last!	9.5	667	tt0609239
Three Men and Adena	9.5	513	tt0604440
Jurassic Bark	9.5	6985	tt0584444
The Ski Lodge	9.5	2183	tt0582556
The Gift	9.5	5009	tt0533499
Becoming: Part 2	9.5	5231	tt0533398
Zuko Alone	9.5	7758	tt0516783
Not Fade Away	9.5	3693	tt0512875
Metal Gear Solid 3: Subsistence	9.5	2769	tt0462422
Metal Gear Solid 3: Snake Eater	9.5	11408	tt0365498
Star Wars: Knights of the Old Republic	9.5	9380	tt0356070
Radovan III	9.5	1608	tt0232503
Final Fantasy VII	9.5	11405	tt0208155
Time for Farewell! Pudding's One Last Request!	9.4	3599	tt9915898
The Final Mission From The Boss	9.4	1710	tt9789130
One Last Con	9.4	3847	tt9788424
I Can't Hear the Fireworks, Part 2/Kaguya Doesn't Want to Avoid Him	9.4	1113	tt9691254
Dimension 20	9.4	1004	tt9646546
The story of the Moriko Song, part 2	9.4	1226	tt9646002
Episode #1.10	9.4	3459	tt9595410
One Man's Determination! Katakuri's Deadly Big Fight!	9.4	3854	tt9560850
What We're Fighting For	9.4	3184	tt9535202
Aska Inan	9.4	3450	tt9482544
Episode #3.9	9.4	3955	tt9244916
For Love	9.4	3149	tt9150550
All In	9.4	8690	tt9108684
Save Me the Waltz	9.4	557	tt8924504
eXit	9.4	10818	tt8919312
Terry and Korvo Steal a Bear	9.4	2565	tt8910956
Crimson Sky	9.4	10043	tt8888610
A God Walks into Abar	9.4	10033	tt8865566
Something Unforgivable	9.4	19742	tt8772224
Chiddiya Ud	9.4	581	tt8725720
Jones Bar-B-Q	9.4	636	tt8697092
Save Lucifer	9.4	7615	tt8565638
Symbol of Peace	9.4	2701	tt8500172
Meliodas vs. The Ten Commandments	9.4	1031	tt8470404
My Hero	9.4	3447	tt8345072
The Last Drive-In with Joe Bob Briggs	9.4	1926	tt8284230
Master of the Sun	9.4	1113	tt8253242
The Beast and the Prince	9.4	1341	tt8248212
1:23:45	9.4	55678	tt8162428
A Liar! Luffy and Sanji!!	9.4	3150	tt7993942
BTS: Bon Voyage	9.4	2521	tt7866314
Transcending the Limit! Mastering Ultra Instinct!!	9.4	1949	tt7849542
Bluey	9.4	30173	tt7678620
A World Between Worlds	9.4	3602	tt7616114
Jedi Night	9.4	3820	tt7616104
Family Reunion - and Farewell	9.4	3649	tt7616072
Ask Yüzünden	9.4	3528	tt7538088
Baba Ogul	9.4	3537	tt7538068
Jake Paul	9.4	720	tt7461988
A Life in the Day	9.4	1612	tt7344002
East Blue e: Sanji Ketsui no Funade	9.4	3631	tt7329610
HalloVeen	9.4	5836	tt7233026
Terminus	9.4	2781	tt7164922
Evolution	9.4	2962	tt7164870
Çirkin Olsam Bile	9.4	619	tt7152630
Choque de Cultura	9.4	799	tt7137290
Prisoners of War	9.4	5400	tt7126670
One Minute More	9.4	1212	tt7067018
The Beginning Part 1	9.4	1288	tt7013660
Off Colors	9.4	1491	tt6893036
Lars' Head	9.4	1552	tt6833138
Rossz PC Játékok Sorozat	9.4	602	tt6801560
Formula 1	9.4	3509	tt6758316
Episode XCVIII	9.4	1095	tt6726398
First Student	9.4	833	tt6673896
Episode #1.16	9.4	624	tt6673180
Episode #1.15	9.4	620	tt6673176
Episode #1.13	9.4	618	tt6673160
Episode #1.11	9.4	613	tt6673156
Episode #1.9	9.4	1125	tt6637614
The Lost Rabbit	9.4	815	tt6616376
The Master of Kouan	9.4	861	tt6581612
The Console	9.4	724	tt6476734
Sampiyon Icin	9.4	3555	tt6451854
Fallen Angels	9.4	1218	tt6439644
Bu Sehir	9.4	3613	tt6392928
Crazy Diamond Is Unbreakable, Part 2	9.4	1954	tt6342250
Thanksgiving	9.4	3004	tt6305624
Another One Bites the Dust, Part 1	9.4	1896	tt6273932
Jennings, Elizabeth	9.4	2166	tt6268292
Episode #1.1	9.4	1456	tt6233412
Who Needs a Guy	9.4	1092	tt6145880
Islands	9.4	5096	tt6142646
Det går over	9.4	1106	tt6123984
The Company	9.4	12367	tt6056650
Sheer Heart Attack, Part 2	9.4	2006	tt6048392
Saigo no tatakai	9.4	3412	tt6045352
A Friend of the Family	9.4	780	tt6020508
The Rerun	9.4	676	tt6013888
Yoshikage Kira Just Wants to Live Quietly, Part 2	9.4	1970	tt6006306
The Copycats	9.4	775	tt5988800
That Will Be All	9.4	1725	tt5969408
Human Cake	9.4	2487	tt5953378
All Star Talent Show Extravaganza	9.4	693	tt5940252
Mindful Education	9.4	1792	tt5927028
Self Control	9.4	4934	tt5916824
Bismuth	9.4	1920	tt5914394
P.S.L.	9.4	4481	tt5880946
The Dragon and the Wolf	9.4	69514	tt5775874
The Noose	9.4	12288	tt5755998
Al Fin Cayó!	9.4	7960	tt5714408
The Disaster	9.4	626	tt5677018
Home	9.4	5780	tt5625510
All I'm Sayin'	9.4	692	tt5610916
Who's Dead?	9.4	2999	tt5563360
Don't Call Me Shurley	9.4	6641	tt5547512
Niagara: Part 2	9.4	8137	tt5541236
Heroes Always Arrive Fashionably Late	9.4	934	tt5508830
The Origins Part 1	9.4	679	tt5475554
Forever	9.4	2490	tt5465506
Trial and Execution	9.4	518	tt5461410
Ten o Utsu: Luffy Ikari no King Kong Gun	9.4	3012	tt5457002
Haki Gekitotsu: Luffy tai Doflamingo	9.4	3391	tt5261554
You Get What You Need	9.4	8285	tt5251470
Toast Can't Never Be Bread Again	9.4	4313	tt5193132
Kuuchuu Kessen: Zoro Shin Hissastsu Ougi Sakuretsu!	9.4	3554	tt5191382
