primaryTitle, types
Carmencita	original
Le clown et ses chiens	original
Pauvre Pierrot	original
Un bon bock	original
Blacksmith Scene	original
Chinese Opium Den	original
Corbett and Courtney Before the Kinetograph	original
Edison Kinetoscopic Record of a Sneeze	original
Miss Jerry	original
Leaving the Factory	original
Akrobatisches Potpourri	original
The Arrival of a Train	original
The Photographical Congress Arrives in Lyon	original
The Waterer Watered	original
Autour d'une cabine	original
Boat Leaving the Port	original
Italienischer Bauerntanz	original
Das boxende Känguruh	original
The Clown Barber	original
The Derby 1895	original
Blacksmith Scene	original
The Sea	original
Opening of the Kiel Canal	original
The Oxford and Cambridge University Boat Race	original
The Messers. Lumière at Cards	original
Cordeliers' Square in Lyon	original
Fishing for Goldfish	original
Baby's Meal	original
Rough Sea at Dover	original
Jumping the Blanket	original
Die Serpentintänzerin	original
Horse Trick Riders	original
Arrivée d'un train gare de Vincennes	original
Watering the Flowers	original
Awakening of Rip	original
Sea Bathing	original
The Ball Game	original
Barnet Horse Fair	original
Barque sortant du port de Trouville	original
Bataille de neige	original
Bateau-mouche sur la Seine	original
Batteuse à vapeur	original
Le bivouac	original
Les blanchisseuses	original
Bois de Boulogne	original
Boulevard des Italiens	original
The Boxing Kangaroo	original
Boxing Match; or, Glove Contest	original
Bébé et fillettes	original
The Bohemian Encampment	original
Ruraux au galop	original
A Chegada do Comboio Inaugural à Estação Central do Porto	original
A Merry-Go-Round	original
Le chiffonnier	original
Uma Corrida de Touros no Campo Pequeno	original
Cortège de tzar allant à Versailles	original
Cortège de tzar au Bois de Boulogne	original
Coronation of a Village Maiden	original
Dancing Darkies	original
Dancing Girls	original
Danse serpentine	original
Dessinateur express	original
Dessinateur: Chamberlain	original
Dessinateur: Reine Victoria	original
Dessinateur: Von Bismark	original
Conjurer Making Ten Hats in Sixty Seconds	original
Unloading the Boat	original
Post No Bills	original
Demolition of a Wall	original
Automobiles Starting a Race	original
Officers of French Army Leaving Service	original
Effets de mer sur les rochers	original
Enfants jouant sur la plage	original
The Conjuring of a Woman at the House of Robert Houdin	original
Exit of Rip and the Dwarf	original
Le fakir, mystère indien	original
Feira de Gado na Corujeira	original
La gare Saint-Lazare	original
Grandes manoeuvres	original
Towing a Boat on the River	original
A Hard Wash	original
Les indiscrets	original
Les ivrognes	original
Gardener Burning Weeds	original
Beach and Pier at Trouville, 1st part	original
Beach and Pier at Trouville, 2nd part	original
Market Day	original
Leaving Jerusalem by Railway	original
Libération des territoriaux	original
The House of the Devil	original
Marée montante sur Brise-Larmes	original
Melbourne	original
Miss de Vere	original
The Mysterious Paper	original
Place Saint-Augustin	original
Place de l'Opéra, First View	original
Place de l'Opéra, Second View	original
Place de la Bastille	original
Place de la Concorde	original
Place du théâtre français	original