primaryTitle, startYear, genres
A Figgly Christmas	2025	Animation,Comedy,Family
Christmas Karma	2025	Comedy,Family,Fantasy
Another Christmas Movie	2025	Comedy,Romance
Won't Be Home for Christmas	2024	Horror,Short
A Joint Custody Christmas	2024	Drama
An LA Christmas Story	2024	Comedy,Fantasy,Romance
Last Christmas	2024	Drama,Sci-Fi,Thriller
Thomas Big Christmas Carol	2024	Action,Adventure,Animation
An Elliot and Friends Christmas Carol	2024	Family
A Christmas Bumble	2024	Comedy,Romance,Short
The Nightmares Before Christmas	2024	Drama
Madness of Christmas	2024	Family,Short
Donating $100,000 for Christmas/Monster vs Robot	2024	Reality-TV
Family for Christmas	2024	Comedy,Short
Christmas Melody	2024	Drama,Short
When to Get Rid of Christmas Trees	2024	Documentary,News
A Christmas Wish	2024	Comedy,Short
Missing You this Christmas	2024	Drama
Blue Christmas	2024	Crime,Fantasy,Mystery
Christmas in Leavenworth	2024	Romance,Short
Christmas Bud	2024	Comedy,Short
Afternoon T w/ AZ: Star Wars is SAVED!! STILL No Doctor Who Christmas Ratings!!	2024	Comedy,Game-Show,News
Congrats, You Cursed Christmas!	2024	Comedy,Short
A Candy Cane Christmas	2024	Horror,Short
The Real BBC - Doctor Who's Christmas Ratings are SUSS AF!!	2024	Comedy,Game-Show,News
The Cast of Merry Christmas Ask Each Other Anything	2024	News,Short
Christmas, Every Day	2024	Documentary,Short
Christmas Cards	2024	Comedy
Andy Crashes Christmas	2024	Action,Comedy,Short
10 Days Till Christmas	2024	Drama,Short
Lonely Christmas Together	2024	Comedy,Short
Rain for Christmas	2024	Comedy,Romance
The Lost Elf on Christmas	2024	Fantasy
Night Before Christmas	2024	Action,Animation,Drama
Late for Christmas	2024	Comedy,Short
Christmas Lightshow in Las Vegas	2024	Reality-TV
Menno Pinoy Christmas	2024	Comedy
Victorian Christmas special	2024	Documentary,Game-Show,Music
Christmas Cookies Are Killing Santa/Boneless Wings Are Not What You Think	2024	Reality-TV
Killed at Christmas	2024	Crime,Documentary
Ep. 20: Floppy Honker's Christmas Special	2024	Comedy
Ep. 21: Scammed 3: The Christmas Scam	2024	Comedy
The Ghosts of Christmas Presents	2024	Comedy
Cancel Christmas	2024	Adventure,Game-Show,Reality-TV
Can You Make Cookies Out of Your Christmas Tree?	2024	Reality-TV
Christmas Cop	2024	Action,Comedy,Short
Casper's Haunted Christmas	2024	Comedy,Family,Fantasy
Rare Exports: A Christmas Tale	2024	Drama,Fantasy,Horror
Christmas Movies	2024	Comedy
The Night of Christmas	2024	Crime,Drama,Short
Nonnie's Christmas	2024	Drama,Short
Blackout Christmas!	2024	Comedy
Not Another Christmas Movie	2024	Comedy,Short
The 112th Day of Christmas	2024	Drama
Yuhi and Yasumi and Christmas	2024	Animation,Comedy,Romance
Our First Christmas	2024	Animation,Drama,Romance
Merry Christmas Forever	2024	Fantasy,Short
Paradise Falls: A Christmas Story	2024	Drama
Oh, Christmas Tree	2024	Short
The InDOCtrination Who: Christmas Show!!	2024	Comedy,Game-Show,News
Boomerang Bro Destroys Christmas Decorations/Grounded	2024	Animation
A Vegan Christmas	2024	Documentary,Reality-TV
Christmas Eve	2024	Horror,Short
A Sudden Case of Christmas	2024	Comedy,Family
Christmas Is a Contest!	2024	Comedy,Short
Nastya's Christmas Chronicles: Gifts, Giggles, and Holiday Adventures	2024	Family
A surprising Christmas	2024	Animation
The Nightmare Before Christmas	2024	Drama
A Christmas Dream	2024	Comedy,Romance
Interviewing Filmmaker and Producer: FRED OLEN RAY #sniperspecialops #aroyalchristmasballet #cinema	2024	Talk-Show
Christmas in Gifu/The Princess and the Aquarium/The Wicked Woman's Challenge/A Reunion Under the Bridge	2024	Animation,Comedy,Fantasy
Jedi vs. 1,000 Peasants in Battle Simulator - 1v1000 Santas in Ancient Warfare 2: Christmas Edition	2024	Reality-TV
Christmas at Xander Point	2024	Drama
Untitled IFC Films Christmas Film	2024	
A Very Flattened Christmas	2024	Comedy,Horror
World's Worst Christmas Series	2024	Comedy
Cattail Movie: The Christmas Special	2024	Comedy
The Russian at Christmas	2024	Comedy
Red Christmas Part 2	2024	Horror,Short
NFL on Christmas: Baltimore Ravens vs. Houston Texans	2024	Sport
NFL on Christmas: Kansas City Chiefs vs. Pittsburgh Steelers	2024	Sport
The Christmas Brew	2024	Romance
Parents for Christmas	2024	Comedy
Ai & Aiko Christmas	2024	Animation,Short
A Very Vermont Christmas	2024	Romance
(This is Not) A Christmas Movie	2024	Comedy
Crashing Christmas	2024	Family
CHAAW: Chapter 3 - Christmas Time Is Here	2024	Comedy,Crime,Drama
A Very Mayberry Christmas	2024	Comedy
Christmas Eve in Miller's Point	2024	Comedy,Drama
The Very Last Christmas	2024	Action,Adventure,Drama
He'll Be Home for Christmas	2024	Family
Christmas Day	2024	Family
A Christmas Gift	2024	Short,Thriller
And that's for this Christmas	2024	Drama,Short
Christmas Spirit	2024	Drama,Horror
Elizabeth's Christmas Song	2024	Short
Mary's Christmas Song	2024	Short
Civil Christmas	2024	Musical
Christmas Telethon	2024	Comedy
