Sample Data: 
SELECT DISTINCT
    ta.titleId,
    tb.primaryTitle,
    tb.startYear,
    tb.titleType,
    tr.averageRating,
    tr.numVotes
FROM
    title_akas ta,
    title_basics tb,
    title_ratings tr
WHERE
    ta.titleId = tb.tconst AND
    ta.titleId = tr.tconst AND
--    ta.title like '%the pursuit of happiness%'
	ta.title like '%alternate_title_3%'
ORDER BY
    tr.numVotes DESC
LIMIT 10;


+-----------+-----------------+-----------+-----------+---------------+----------+
| titleId   | primaryTitle    | startYear | titleType | averageRating | numVotes |
+-----------+-----------------+-----------+-----------+---------------+----------+
| tt0000003 | Primary Title 3 |      1995 | short     |           6.8 |      800 |
+-----------+-----------------+-----------+-----------+---------------+----------+
1 row in set (0.01 sec)


