SELECT DISTINCT
	tb.tconst,
	tb.primaryTitle,
	tb.startYear,
	tb.titleType,
	tr.averageRating,
	tr.numVotes
FROM title_basics tb
JOIN title_ratings tr ON tb.tconst = tr.tconst
WHERE MATCH(tb.`primaryTitle`) AGAINST('The pursuit of happiness' IN NATURAL LANGUAGE MODE)
ORDER BY
	tr.numVotes DESC
LIMIT 10;

+------------+-------------------------------------+-----------+-----------+---------------+----------+
| tconst     | primaryTitle                        | startYear | titleType | averageRating | numVotes |
+------------+-------------------------------------+-----------+-----------+---------------+----------+
| tt0454921  | The Pursuit of Happyness            |      2006 | movie     |             8 |   563057 |
| tt5719748  | Cold Pursuit                        |      2019 | movie     |           6.2 |    78268 |
| tt0147612  | Happiness                           |      1998 | movie     |           7.7 |    74598 |
| tt2967224  | Hot Pursuit                         |      2015 | movie     |           5.1 |    54264 |
| tt1626146  | Hector and the Search for Happiness |      2014 | movie     |           6.9 |    50564 |
| tt9166678  | The Happiness of All Mankind        |      2019 | tvEpisode |           9.3 |    46297 |
| tt15509244 | Happiness for Beginners             |      2023 | movie     |           6.1 |    18557 |
| tt14979052 | Happiness                           |      2021 | tvSeries  |           7.8 |    10324 |
| tt0304262  | The Happiness of the Katakuris      |      2001 | movie     |           6.9 |    10051 |
| tt0058985  | Happiness                           |      1965 | movie     |           7.6 |     9601 |
+------------+-------------------------------------+-----------+-----------+---------------+----------+
10 rows in set (0.72 sec)