PROD Data:
SELECT 
    tb.originalTitle AS Title,
    tb.titleType, 
    CASE 
        WHEN tb.isAdult = 0 THEN 
            'Everyone'
        ELSE 
            'Adult'
    END AS isAdult, 
    CASE 
        WHEN tb.startYear = 0000 THEN 
            'Unknown'
        ELSE 
            tb.startYear
    END AS startYear, 
    tb.endYear, 
    CASE 
        WHEN tb.runtimeMinutes >= 60 THEN 
            CONCAT(
                FLOOR(tb.runtimeMinutes / 60), 
                ' hour', 
                CASE WHEN FLOOR(tb.runtimeMinutes / 60) > 1 THEN 's' ELSE '' END, 
                ' and ', 
                tb.runtimeMinutes % 60, 
                ' minute', 
                CASE WHEN tb.runtimeMinutes % 60 > 1 THEN 's' ELSE '' END
            )
        ELSE 
            CONCAT(
                tb.runtimeMinutes, 
                ' minute', 
                CASE WHEN tb.runtimeMinutes > 1 THEN 's' ELSE '' END
            )
    END AS runTime,
    tb.genres,
    GROUP_CONCAT(nb.primaryName SEPARATOR ', ') AS Directors
FROM
    title_basics tb
JOIN title_principals tp ON tp.tconst = tb.tconst
JOIN name_basics nb ON nb.nconst = tp.nconst
WHERE
    tb.tconst = 'tt0110357' AND
--    tb.tconst = 'tt0000002' AND
    tp.category = 'director'
GROUP BY
    tb.originalTitle, tb.titleType, tb.isAdult, tb.startYear, tb.endYear, tb.runtimeMinutes, tb.genres;


+---------------+-----------+----------+-----------+---------+-----------------------+---------------------------+---------------------------+
| Title         | titleType | isAdult  | startYear | endYear | runTime               | genres                    | Directors                 |
+---------------+-----------+----------+-----------+---------+-----------------------+---------------------------+---------------------------+
| The Lion King | movie     | Everyone | 1994      |    NULL | 1 hour and 28 minutes | Adventure,Animation,Drama | Roger Allers, Rob Minkoff |
+---------------+-----------+----------+-----------+---------+-----------------------+---------------------------+---------------------------+
1 row in set (0.00 sec)
